{"/home/lucasandrade/Desktop/erick_wendell_course/M8/behavioral/observer/src/events/payments.js": {"path":"/home/lucasandrade/Desktop/erick_wendell_course/M8/behavioral/observer/src/events/payments.js","all":false,"statementMap":{"0":{"start":{"line":1,"column":0},"end":{"line":1,"column":30}},"1":{"start":{"line":2,"column":0},"end":{"line":2,"column":33}},"2":{"start":{"line":3,"column":0},"end":{"line":3,"column":44}},"3":{"start":{"line":4,"column":0},"end":{"line":4,"column":5}},"4":{"start":{"line":5,"column":0},"end":{"line":5,"column":29}},"5":{"start":{"line":6,"column":0},"end":{"line":6,"column":72}},"6":{"start":{"line":7,"column":0},"end":{"line":7,"column":47}},"7":{"start":{"line":8,"column":0},"end":{"line":8,"column":5}},"8":{"start":{"line":9,"column":0},"end":{"line":9,"column":1}}},"s":{"0":1,"1":2,"2":2,"3":2,"4":2,"5":1,"6":1,"7":1,"8":1},"branchMap":{"0":{"type":"branch","line":1,"loc":{"start":{"line":1,"column":0},"end":{"line":1,"column":21}},"locations":[{"start":{"line":1,"column":0},"end":{"line":1,"column":21}}]},"1":{"type":"branch","line":1,"loc":{"start":{"line":1,"column":21},"end":{"line":6,"column":49}},"locations":[{"start":{"line":1,"column":21},"end":{"line":6,"column":49}}]}},"b":{"0":[2],"1":[2]},"fnMap":{"0":{"name":"Payment","decl":{"start":{"line":1,"column":0},"end":{"line":1,"column":21}},"loc":{"start":{"line":1,"column":0},"end":{"line":1,"column":21}},"line":1},"1":{"name":"creditCard","decl":{"start":{"line":1,"column":21},"end":{"line":6,"column":49}},"loc":{"start":{"line":1,"column":21},"end":{"line":6,"column":49}},"line":1}},"f":{"0":2,"1":2}}
,"/home/lucasandrade/Desktop/erick_wendell_course/M8/behavioral/observer/src/observers/marketing.js": {"path":"/home/lucasandrade/Desktop/erick_wendell_course/M8/behavioral/observer/src/observers/marketing.js","all":false,"statementMap":{"0":{"start":{"line":1,"column":0},"end":{"line":1,"column":32}},"1":{"start":{"line":2,"column":0},"end":{"line":2,"column":28}},"2":{"start":{"line":3,"column":0},"end":{"line":3,"column":78}},"3":{"start":{"line":4,"column":0},"end":{"line":4,"column":5}},"4":{"start":{"line":5,"column":0},"end":{"line":5,"column":1}}},"s":{"0":1,"1":1,"2":1,"3":1,"4":1},"branchMap":{"0":{"type":"branch","line":1,"loc":{"start":{"line":1,"column":0},"end":{"line":2,"column":24}},"locations":[{"start":{"line":1,"column":0},"end":{"line":2,"column":24}}]}},"b":{"0":[1]},"fnMap":{"0":{"name":"update","decl":{"start":{"line":1,"column":0},"end":{"line":2,"column":24}},"loc":{"start":{"line":1,"column":0},"end":{"line":2,"column":24}},"line":1}},"f":{"0":1}}
,"/home/lucasandrade/Desktop/erick_wendell_course/M8/behavioral/observer/src/observers/shipment.js": {"path":"/home/lucasandrade/Desktop/erick_wendell_course/M8/behavioral/observer/src/observers/shipment.js","all":false,"statementMap":{"0":{"start":{"line":1,"column":0},"end":{"line":1,"column":31}},"1":{"start":{"line":2,"column":0},"end":{"line":2,"column":28}},"2":{"start":{"line":3,"column":0},"end":{"line":3,"column":84}},"3":{"start":{"line":4,"column":0},"end":{"line":4,"column":4}},"4":{"start":{"line":5,"column":0},"end":{"line":5,"column":5}},"5":{"start":{"line":6,"column":0},"end":{"line":6,"column":1}}},"s":{"0":1,"1":1,"2":1,"3":1,"4":1,"5":1},"branchMap":{"0":{"type":"branch","line":1,"loc":{"start":{"line":1,"column":0},"end":{"line":2,"column":25}},"locations":[{"start":{"line":1,"column":0},"end":{"line":2,"column":25}}]}},"b":{"0":[1]},"fnMap":{"0":{"name":"update","decl":{"start":{"line":1,"column":0},"end":{"line":2,"column":25}},"loc":{"start":{"line":1,"column":0},"end":{"line":2,"column":25}},"line":1}},"f":{"0":1}}
,"/home/lucasandrade/Desktop/erick_wendell_course/M8/behavioral/observer/src/subjects/paymentSubject.js": {"path":"/home/lucasandrade/Desktop/erick_wendell_course/M8/behavioral/observer/src/subjects/paymentSubject.js","all":false,"statementMap":{"0":{"start":{"line":1,"column":0},"end":{"line":1,"column":37}},"1":{"start":{"line":2,"column":0},"end":{"line":2,"column":26}},"2":{"start":{"line":3,"column":0},"end":{"line":3,"column":0}},"3":{"start":{"line":4,"column":0},"end":{"line":4,"column":18}},"4":{"start":{"line":5,"column":0},"end":{"line":5,"column":60}},"5":{"start":{"line":6,"column":0},"end":{"line":6,"column":5}},"6":{"start":{"line":7,"column":0},"end":{"line":7,"column":0}},"7":{"start":{"line":8,"column":0},"end":{"line":8,"column":26}},"8":{"start":{"line":9,"column":0},"end":{"line":9,"column":39}},"9":{"start":{"line":10,"column":0},"end":{"line":10,"column":5}},"10":{"start":{"line":11,"column":0},"end":{"line":11,"column":0}},"11":{"start":{"line":12,"column":0},"end":{"line":12,"column":30}},"12":{"start":{"line":13,"column":0},"end":{"line":13,"column":42}},"13":{"start":{"line":14,"column":0},"end":{"line":14,"column":5}},"14":{"start":{"line":15,"column":0},"end":{"line":15,"column":1}}},"s":{"0":4,"1":4,"2":4,"3":4,"4":4,"5":1,"6":1,"7":1,"8":1,"9":1,"10":1,"11":1,"12":1,"13":1,"14":1},"branchMap":{"0":{"type":"branch","line":1,"loc":{"start":{"line":1,"column":0},"end":{"line":9,"column":38}},"locations":[{"start":{"line":1,"column":0},"end":{"line":9,"column":38}}]},"1":{"type":"branch","line":1,"loc":{"start":{"line":1,"column":0},"end":{"line":2,"column":17}},"locations":[{"start":{"line":1,"column":0},"end":{"line":2,"column":17}}]},"2":{"type":"branch","line":1,"loc":{"start":{"line":1,"column":15},"end":{"line":2,"column":14}},"locations":[{"start":{"line":1,"column":15},"end":{"line":2,"column":14}}]},"3":{"type":"branch","line":2,"loc":{"start":{"line":2,"column":17},"end":{"line":5,"column":46}},"locations":[{"start":{"line":2,"column":17},"end":{"line":5,"column":46}}]},"4":{"type":"branch","line":5,"loc":{"start":{"line":5,"column":46},"end":{"line":9,"column":27}},"locations":[{"start":{"line":5,"column":46},"end":{"line":9,"column":27}}]}},"b":{"0":[4],"1":[4],"2":[3],"3":[4],"4":[1]},"fnMap":{"0":{"name":"<instance_members_initializer>","decl":{"start":{"line":1,"column":0},"end":{"line":9,"column":38}},"loc":{"start":{"line":1,"column":0},"end":{"line":9,"column":38}},"line":1},"1":{"name":"notify","decl":{"start":{"line":1,"column":0},"end":{"line":2,"column":17}},"loc":{"start":{"line":1,"column":0},"end":{"line":2,"column":17}},"line":1},"2":{"name":"subscribe","decl":{"start":{"line":2,"column":17},"end":{"line":5,"column":46}},"loc":{"start":{"line":2,"column":17},"end":{"line":5,"column":46}},"line":2},"3":{"name":"unsubscribe","decl":{"start":{"line":5,"column":46},"end":{"line":9,"column":27}},"loc":{"start":{"line":5,"column":46},"end":{"line":9,"column":27}},"line":5}},"f":{"0":4,"1":4,"2":4,"3":1}}
}
